CRITICAL - 2023-06-30 20:04:34 --> Trying to access array offset on value of type null
in APPPATH\Views\product\single.php on line 10.
 1 APPPATH\Views\product\single.php(10): CodeIgniter\Debug\Exceptions->errorHandler(2, 'Trying to access array offset on value of type null', 'D:\\xampp\\htdocs\\ruma\\codeigniter\\my-app-api\\app\\Views\\product\\single.php', 10)
 2 SYSTEMPATH\View\View.php(213): include('D:\\xampp\\htdocs\\ruma\\codeigniter\\my-app-api\\app\\Views\\product\\single.php')
 3 SYSTEMPATH\View\View.php(216): CodeIgniter\View\View->CodeIgniter\View\{closure}()
 4 SYSTEMPATH\Common.php(1184): CodeIgniter\View\View->render('product/single', [], true)
 5 APPPATH\Controllers\Product.php(36): view('product/single', [...])
 6 SYSTEMPATH\CodeIgniter.php(934): App\Controllers\Product->single('undefined')
 7 SYSTEMPATH\CodeIgniter.php(499): CodeIgniter\CodeIgniter->runController(Object(App\Controllers\Product))
 8 SYSTEMPATH\CodeIgniter.php(368): CodeIgniter\CodeIgniter->handleRequest(null, Object(Config\Cache), false)
 9 FCPATH\index.php(67): CodeIgniter\CodeIgniter->run()
CRITICAL - 2023-06-30 20:04:55 --> Trying to access array offset on value of type null
in APPPATH\Views\product\single.php on line 10.
 1 APPPATH\Views\product\single.php(10): CodeIgniter\Debug\Exceptions->errorHandler(2, 'Trying to access array offset on value of type null', 'D:\\xampp\\htdocs\\ruma\\codeigniter\\my-app-api\\app\\Views\\product\\single.php', 10)
 2 SYSTEMPATH\View\View.php(213): include('D:\\xampp\\htdocs\\ruma\\codeigniter\\my-app-api\\app\\Views\\product\\single.php')
 3 SYSTEMPATH\View\View.php(216): CodeIgniter\View\View->CodeIgniter\View\{closure}()
 4 SYSTEMPATH\Common.php(1184): CodeIgniter\View\View->render('product/single', [], true)
 5 APPPATH\Controllers\Product.php(36): view('product/single', [...])
 6 SYSTEMPATH\CodeIgniter.php(934): App\Controllers\Product->single('undefined')
 7 SYSTEMPATH\CodeIgniter.php(499): CodeIgniter\CodeIgniter->runController(Object(App\Controllers\Product))
 8 SYSTEMPATH\CodeIgniter.php(368): CodeIgniter\CodeIgniter->handleRequest(null, Object(Config\Cache), false)
 9 FCPATH\index.php(67): CodeIgniter\CodeIgniter->run()
CRITICAL - 2023-06-30 20:05:02 --> Trying to access array offset on value of type null
in APPPATH\Views\product\single.php on line 10.
 1 APPPATH\Views\product\single.php(10): CodeIgniter\Debug\Exceptions->errorHandler(2, 'Trying to access array offset on value of type null', 'D:\\xampp\\htdocs\\ruma\\codeigniter\\my-app-api\\app\\Views\\product\\single.php', 10)
 2 SYSTEMPATH\View\View.php(213): include('D:\\xampp\\htdocs\\ruma\\codeigniter\\my-app-api\\app\\Views\\product\\single.php')
 3 SYSTEMPATH\View\View.php(216): CodeIgniter\View\View->CodeIgniter\View\{closure}()
 4 SYSTEMPATH\Common.php(1184): CodeIgniter\View\View->render('product/single', [], true)
 5 APPPATH\Controllers\Product.php(36): view('product/single', [...])
 6 SYSTEMPATH\CodeIgniter.php(934): App\Controllers\Product->single('undefined')
 7 SYSTEMPATH\CodeIgniter.php(499): CodeIgniter\CodeIgniter->runController(Object(App\Controllers\Product))
 8 SYSTEMPATH\CodeIgniter.php(368): CodeIgniter\CodeIgniter->handleRequest(null, Object(Config\Cache), false)
 9 FCPATH\index.php(67): CodeIgniter\CodeIgniter->run()
CRITICAL - 2023-06-30 20:05:04 --> Trying to access array offset on value of type null
in APPPATH\Views\product\single.php on line 10.
 1 APPPATH\Views\product\single.php(10): CodeIgniter\Debug\Exceptions->errorHandler(2, 'Trying to access array offset on value of type null', 'D:\\xampp\\htdocs\\ruma\\codeigniter\\my-app-api\\app\\Views\\product\\single.php', 10)
 2 SYSTEMPATH\View\View.php(213): include('D:\\xampp\\htdocs\\ruma\\codeigniter\\my-app-api\\app\\Views\\product\\single.php')
 3 SYSTEMPATH\View\View.php(216): CodeIgniter\View\View->CodeIgniter\View\{closure}()
 4 SYSTEMPATH\Common.php(1184): CodeIgniter\View\View->render('product/single', [], true)
 5 APPPATH\Controllers\Product.php(36): view('product/single', [...])
 6 SYSTEMPATH\CodeIgniter.php(934): App\Controllers\Product->single('undefined')
 7 SYSTEMPATH\CodeIgniter.php(499): CodeIgniter\CodeIgniter->runController(Object(App\Controllers\Product))
 8 SYSTEMPATH\CodeIgniter.php(368): CodeIgniter\CodeIgniter->handleRequest(null, Object(Config\Cache), false)
 9 FCPATH\index.php(67): CodeIgniter\CodeIgniter->run()
CRITICAL - 2023-06-30 20:05:11 --> Trying to access array offset on value of type null
in APPPATH\Views\product\single.php on line 10.
 1 APPPATH\Views\product\single.php(10): CodeIgniter\Debug\Exceptions->errorHandler(2, 'Trying to access array offset on value of type null', 'D:\\xampp\\htdocs\\ruma\\codeigniter\\my-app-api\\app\\Views\\product\\single.php', 10)
 2 SYSTEMPATH\View\View.php(213): include('D:\\xampp\\htdocs\\ruma\\codeigniter\\my-app-api\\app\\Views\\product\\single.php')
 3 SYSTEMPATH\View\View.php(216): CodeIgniter\View\View->CodeIgniter\View\{closure}()
 4 SYSTEMPATH\Common.php(1184): CodeIgniter\View\View->render('product/single', [], true)
 5 APPPATH\Controllers\Product.php(36): view('product/single', [...])
 6 SYSTEMPATH\CodeIgniter.php(934): App\Controllers\Product->single('undefined')
 7 SYSTEMPATH\CodeIgniter.php(499): CodeIgniter\CodeIgniter->runController(Object(App\Controllers\Product))
 8 SYSTEMPATH\CodeIgniter.php(368): CodeIgniter\CodeIgniter->handleRequest(null, Object(Config\Cache), false)
 9 FCPATH\index.php(67): CodeIgniter\CodeIgniter->run()
CRITICAL - 2023-06-30 21:13:55 --> Undefined variable $row
in APPPATH\Views\layout.php on line 67.
 1 APPPATH\Views\layout.php(67): CodeIgniter\Debug\Exceptions->errorHandler(2, 'Undefined variable $row', 'D:\\xampp\\htdocs\\ruma\\codeigniter\\my-app-api\\app\\Views\\layout.php', 67)
 2 SYSTEMPATH\View\View.php(213): include('D:\\xampp\\htdocs\\ruma\\codeigniter\\my-app-api\\app\\Views\\layout.php')
 3 SYSTEMPATH\View\View.php(216): CodeIgniter\View\View->CodeIgniter\View\{closure}()
 4 SYSTEMPATH\View\View.php(229): CodeIgniter\View\View->render('layout', [], true)
 5 SYSTEMPATH\Common.php(1184): CodeIgniter\View\View->render('product/all', [], true)
 6 APPPATH\Controllers\Product.php(29): view('product/all', [...])
 7 SYSTEMPATH\CodeIgniter.php(934): App\Controllers\Product->all()
 8 SYSTEMPATH\CodeIgniter.php(499): CodeIgniter\CodeIgniter->runController(Object(App\Controllers\Product))
 9 SYSTEMPATH\CodeIgniter.php(368): CodeIgniter\CodeIgniter->handleRequest(null, Object(Config\Cache), false)
10 FCPATH\index.php(67): CodeIgniter\CodeIgniter->run()
