CRITICAL - 2023-07-03 00:06:30 --> Undefined variable $homeProduct
in APPPATH\Views\phome.php on line 3.
 1 APPPATH\Views\phome.php(3): CodeIgniter\Debug\Exceptions->errorHandler(2, 'Undefined variable $homeProduct', 'D:\\xampp\\htdocs\\ruma\\codeigniter\\my-app-api\\app\\Views\\phome.php', 3)
 2 SYSTEMPATH\View\View.php(213): include('D:\\xampp\\htdocs\\ruma\\codeigniter\\my-app-api\\app\\Views\\phome.php')
 3 SYSTEMPATH\View\View.php(216): CodeIgniter\View\View->CodeIgniter\View\{closure}()
 4 SYSTEMPATH\View\View.php(431): CodeIgniter\View\View->render('phome', null, true)
 5 APPPATH\Views\home.php(61): CodeIgniter\View\View->include('phome')
 6 SYSTEMPATH\View\View.php(213): include('D:\\xampp\\htdocs\\ruma\\codeigniter\\my-app-api\\app\\Views\\home.php')
 7 SYSTEMPATH\View\View.php(216): CodeIgniter\View\View->CodeIgniter\View\{closure}()
 8 SYSTEMPATH\Common.php(1184): CodeIgniter\View\View->render('home', [], true)
 9 APPPATH\Controllers\HomeController.php(18): view('home', [...])
10 SYSTEMPATH\CodeIgniter.php(934): App\Controllers\HomeController->index()
11 SYSTEMPATH\CodeIgniter.php(499): CodeIgniter\CodeIgniter->runController(Object(App\Controllers\HomeController))
12 SYSTEMPATH\CodeIgniter.php(368): CodeIgniter\CodeIgniter->handleRequest(null, Object(Config\Cache), false)
13 FCPATH\index.php(67): CodeIgniter\CodeIgniter->run()
CRITICAL - 2023-07-03 00:08:44 --> Undefined variable $homeProduct
in APPPATH\Views\phome.php on line 7.
 1 APPPATH\Views\phome.php(7): CodeIgniter\Debug\Exceptions->errorHandler(2, 'Undefined variable $homeProduct', 'D:\\xampp\\htdocs\\ruma\\codeigniter\\my-app-api\\app\\Views\\phome.php', 7)
 2 SYSTEMPATH\View\View.php(213): include('D:\\xampp\\htdocs\\ruma\\codeigniter\\my-app-api\\app\\Views\\phome.php')
 3 SYSTEMPATH\View\View.php(216): CodeIgniter\View\View->CodeIgniter\View\{closure}()
 4 SYSTEMPATH\View\View.php(431): CodeIgniter\View\View->render('phome', null, true)
 5 APPPATH\Views\home.php(61): CodeIgniter\View\View->include('phome')
 6 SYSTEMPATH\View\View.php(213): include('D:\\xampp\\htdocs\\ruma\\codeigniter\\my-app-api\\app\\Views\\home.php')
 7 SYSTEMPATH\View\View.php(216): CodeIgniter\View\View->CodeIgniter\View\{closure}()
 8 SYSTEMPATH\Common.php(1184): CodeIgniter\View\View->render('home', [], true)
 9 APPPATH\Controllers\HomeController.php(18): view('home', [...])
10 SYSTEMPATH\CodeIgniter.php(934): App\Controllers\HomeController->index()
11 SYSTEMPATH\CodeIgniter.php(499): CodeIgniter\CodeIgniter->runController(Object(App\Controllers\HomeController))
12 SYSTEMPATH\CodeIgniter.php(368): CodeIgniter\CodeIgniter->handleRequest(null, Object(Config\Cache), false)
13 FCPATH\index.php(67): CodeIgniter\CodeIgniter->run()
CRITICAL - 2023-07-03 00:10:29 --> Undefined variable $allProduct
in APPPATH\Views\phome.php on line 7.
 1 APPPATH\Views\phome.php(7): CodeIgniter\Debug\Exceptions->errorHandler(2, 'Undefined variable $allProduct', 'D:\\xampp\\htdocs\\ruma\\codeigniter\\my-app-api\\app\\Views\\phome.php', 7)
 2 SYSTEMPATH\View\View.php(213): include('D:\\xampp\\htdocs\\ruma\\codeigniter\\my-app-api\\app\\Views\\phome.php')
 3 SYSTEMPATH\View\View.php(216): CodeIgniter\View\View->CodeIgniter\View\{closure}()
 4 SYSTEMPATH\View\View.php(431): CodeIgniter\View\View->render('phome', null, true)
 5 APPPATH\Views\home.php(61): CodeIgniter\View\View->include('phome')
 6 SYSTEMPATH\View\View.php(213): include('D:\\xampp\\htdocs\\ruma\\codeigniter\\my-app-api\\app\\Views\\home.php')
 7 SYSTEMPATH\View\View.php(216): CodeIgniter\View\View->CodeIgniter\View\{closure}()
 8 SYSTEMPATH\Common.php(1184): CodeIgniter\View\View->render('home', [], true)
 9 APPPATH\Controllers\HomeController.php(18): view('home', [...])
10 SYSTEMPATH\CodeIgniter.php(934): App\Controllers\HomeController->index()
11 SYSTEMPATH\CodeIgniter.php(499): CodeIgniter\CodeIgniter->runController(Object(App\Controllers\HomeController))
12 SYSTEMPATH\CodeIgniter.php(368): CodeIgniter\CodeIgniter->handleRequest(null, Object(Config\Cache), false)
13 FCPATH\index.php(67): CodeIgniter\CodeIgniter->run()
CRITICAL - 2023-07-03 00:19:48 --> Object of class CodeIgniter\Database\MySQLi\Result could not be converted to string
in APPPATH\Views\phome.php on line 2.
 1 SYSTEMPATH\View\View.php(213): include()
 2 SYSTEMPATH\View\View.php(216): CodeIgniter\View\View->CodeIgniter\View\{closure}()
 3 SYSTEMPATH\View\View.php(431): CodeIgniter\View\View->render('phome', null, true)
 4 APPPATH\Views\home.php(61): CodeIgniter\View\View->include('phome')
 5 SYSTEMPATH\View\View.php(213): include('D:\\xampp\\htdocs\\ruma\\codeigniter\\my-app-api\\app\\Views\\home.php')
 6 SYSTEMPATH\View\View.php(216): CodeIgniter\View\View->CodeIgniter\View\{closure}()
 7 SYSTEMPATH\Common.php(1184): CodeIgniter\View\View->render('home', [], true)
 8 APPPATH\Controllers\HomeController.php(18): view('home', [...])
 9 SYSTEMPATH\CodeIgniter.php(934): App\Controllers\HomeController->index()
10 SYSTEMPATH\CodeIgniter.php(499): CodeIgniter\CodeIgniter->runController(Object(App\Controllers\HomeController))
11 SYSTEMPATH\CodeIgniter.php(368): CodeIgniter\CodeIgniter->handleRequest(null, Object(Config\Cache), false)
12 FCPATH\index.php(67): CodeIgniter\CodeIgniter->run()
CRITICAL - 2023-07-03 00:19:51 --> Object of class CodeIgniter\Database\MySQLi\Result could not be converted to string
in APPPATH\Views\phome.php on line 2.
 1 SYSTEMPATH\View\View.php(213): include()
 2 SYSTEMPATH\View\View.php(216): CodeIgniter\View\View->CodeIgniter\View\{closure}()
 3 SYSTEMPATH\View\View.php(431): CodeIgniter\View\View->render('phome', null, true)
 4 APPPATH\Views\home.php(61): CodeIgniter\View\View->include('phome')
 5 SYSTEMPATH\View\View.php(213): include('D:\\xampp\\htdocs\\ruma\\codeigniter\\my-app-api\\app\\Views\\home.php')
 6 SYSTEMPATH\View\View.php(216): CodeIgniter\View\View->CodeIgniter\View\{closure}()
 7 SYSTEMPATH\Common.php(1184): CodeIgniter\View\View->render('home', [], true)
 8 APPPATH\Controllers\HomeController.php(18): view('home', [...])
 9 SYSTEMPATH\CodeIgniter.php(934): App\Controllers\HomeController->index()
10 SYSTEMPATH\CodeIgniter.php(499): CodeIgniter\CodeIgniter->runController(Object(App\Controllers\HomeController))
11 SYSTEMPATH\CodeIgniter.php(368): CodeIgniter\CodeIgniter->handleRequest(null, Object(Config\Cache), false)
12 FCPATH\index.php(67): CodeIgniter\CodeIgniter->run()
CRITICAL - 2023-07-03 00:21:59 --> Call to undefined method App\Models\ProductModel::getResult
in SYSTEMPATH\Model.php on line 842.
 1 APPPATH\Views\phome.php(4): CodeIgniter\Model->__call('getResult', [])
 2 SYSTEMPATH\View\View.php(213): include('D:\\xampp\\htdocs\\ruma\\codeigniter\\my-app-api\\app\\Views\\phome.php')
 3 SYSTEMPATH\View\View.php(216): CodeIgniter\View\View->CodeIgniter\View\{closure}()
 4 SYSTEMPATH\View\View.php(431): CodeIgniter\View\View->render('phome', null, true)
 5 APPPATH\Views\home.php(61): CodeIgniter\View\View->include('phome')
 6 SYSTEMPATH\View\View.php(213): include('D:\\xampp\\htdocs\\ruma\\codeigniter\\my-app-api\\app\\Views\\home.php')
 7 SYSTEMPATH\View\View.php(216): CodeIgniter\View\View->CodeIgniter\View\{closure}()
 8 SYSTEMPATH\Common.php(1184): CodeIgniter\View\View->render('home', [], true)
 9 APPPATH\Controllers\HomeController.php(18): view('home', [...])
10 SYSTEMPATH\CodeIgniter.php(934): App\Controllers\HomeController->index()
11 SYSTEMPATH\CodeIgniter.php(499): CodeIgniter\CodeIgniter->runController(Object(App\Controllers\HomeController))
12 SYSTEMPATH\CodeIgniter.php(368): CodeIgniter\CodeIgniter->handleRequest(null, Object(Config\Cache), false)
13 FCPATH\index.php(67): CodeIgniter\CodeIgniter->run()
CRITICAL - 2023-07-03 00:27:22 --> Undefined property: CodeIgniter\View\View::$load
in APPPATH\Views\phome.php on line 3.
 1 APPPATH\Views\phome.php(3): CodeIgniter\Debug\Exceptions->errorHandler(2, 'Undefined property: CodeIgniter\\View\\View::$load', 'D:\\xampp\\htdocs\\ruma\\codeigniter\\my-app-api\\app\\Views\\phome.php', 3)
 2 SYSTEMPATH\View\View.php(213): include('D:\\xampp\\htdocs\\ruma\\codeigniter\\my-app-api\\app\\Views\\phome.php')
 3 SYSTEMPATH\View\View.php(216): CodeIgniter\View\View->CodeIgniter\View\{closure}()
 4 SYSTEMPATH\View\View.php(431): CodeIgniter\View\View->render('phome', null, true)
 5 APPPATH\Views\home.php(61): CodeIgniter\View\View->include('phome')
 6 SYSTEMPATH\View\View.php(213): include('D:\\xampp\\htdocs\\ruma\\codeigniter\\my-app-api\\app\\Views\\home.php')
 7 SYSTEMPATH\View\View.php(216): CodeIgniter\View\View->CodeIgniter\View\{closure}()
 8 SYSTEMPATH\Common.php(1184): CodeIgniter\View\View->render('home', [], true)
 9 APPPATH\Controllers\HomeController.php(18): view('home', [...])
10 SYSTEMPATH\CodeIgniter.php(934): App\Controllers\HomeController->index()
11 SYSTEMPATH\CodeIgniter.php(499): CodeIgniter\CodeIgniter->runController(Object(App\Controllers\HomeController))
12 SYSTEMPATH\CodeIgniter.php(368): CodeIgniter\CodeIgniter->handleRequest(null, Object(Config\Cache), false)
13 FCPATH\index.php(67): CodeIgniter\CodeIgniter->run()
CRITICAL - 2023-07-03 00:29:42 --> Undefined variable $result
in APPPATH\Views\phome.php on line 8.
 1 APPPATH\Views\phome.php(8): CodeIgniter\Debug\Exceptions->errorHandler(2, 'Undefined variable $result', 'D:\\xampp\\htdocs\\ruma\\codeigniter\\my-app-api\\app\\Views\\phome.php', 8)
 2 SYSTEMPATH\View\View.php(213): include('D:\\xampp\\htdocs\\ruma\\codeigniter\\my-app-api\\app\\Views\\phome.php')
 3 SYSTEMPATH\View\View.php(216): CodeIgniter\View\View->CodeIgniter\View\{closure}()
 4 SYSTEMPATH\View\View.php(431): CodeIgniter\View\View->render('phome', null, true)
 5 APPPATH\Views\home.php(61): CodeIgniter\View\View->include('phome')
 6 SYSTEMPATH\View\View.php(213): include('D:\\xampp\\htdocs\\ruma\\codeigniter\\my-app-api\\app\\Views\\home.php')
 7 SYSTEMPATH\View\View.php(216): CodeIgniter\View\View->CodeIgniter\View\{closure}()
 8 SYSTEMPATH\Common.php(1184): CodeIgniter\View\View->render('home', [], true)
 9 APPPATH\Controllers\HomeController.php(18): view('home', [...])
10 SYSTEMPATH\CodeIgniter.php(934): App\Controllers\HomeController->index()
11 SYSTEMPATH\CodeIgniter.php(499): CodeIgniter\CodeIgniter->runController(Object(App\Controllers\HomeController))
12 SYSTEMPATH\CodeIgniter.php(368): CodeIgniter\CodeIgniter->handleRequest(null, Object(Config\Cache), false)
13 FCPATH\index.php(67): CodeIgniter\CodeIgniter->run()
CRITICAL - 2023-07-03 00:29:54 --> Undefined property: stdClass::$title
in APPPATH\Views\phome.php on line 11.
 1 APPPATH\Views\phome.php(11): CodeIgniter\Debug\Exceptions->errorHandler(2, 'Undefined property: stdClass::$title', 'D:\\xampp\\htdocs\\ruma\\codeigniter\\my-app-api\\app\\Views\\phome.php', 11)
 2 SYSTEMPATH\View\View.php(213): include('D:\\xampp\\htdocs\\ruma\\codeigniter\\my-app-api\\app\\Views\\phome.php')
 3 SYSTEMPATH\View\View.php(216): CodeIgniter\View\View->CodeIgniter\View\{closure}()
 4 SYSTEMPATH\View\View.php(431): CodeIgniter\View\View->render('phome', null, true)
 5 APPPATH\Views\home.php(61): CodeIgniter\View\View->include('phome')
 6 SYSTEMPATH\View\View.php(213): include('D:\\xampp\\htdocs\\ruma\\codeigniter\\my-app-api\\app\\Views\\home.php')
 7 SYSTEMPATH\View\View.php(216): CodeIgniter\View\View->CodeIgniter\View\{closure}()
 8 SYSTEMPATH\Common.php(1184): CodeIgniter\View\View->render('home', [], true)
 9 APPPATH\Controllers\HomeController.php(18): view('home', [...])
10 SYSTEMPATH\CodeIgniter.php(934): App\Controllers\HomeController->index()
11 SYSTEMPATH\CodeIgniter.php(499): CodeIgniter\CodeIgniter->runController(Object(App\Controllers\HomeController))
12 SYSTEMPATH\CodeIgniter.php(368): CodeIgniter\CodeIgniter->handleRequest(null, Object(Config\Cache), false)
13 FCPATH\index.php(67): CodeIgniter\CodeIgniter->run()
CRITICAL - 2023-07-03 00:31:10 --> Cannot use object of type stdClass as array
in APPPATH\Views\phome.php on line 10.
 1 SYSTEMPATH\View\View.php(213): include()
 2 SYSTEMPATH\View\View.php(216): CodeIgniter\View\View->CodeIgniter\View\{closure}()
 3 SYSTEMPATH\View\View.php(431): CodeIgniter\View\View->render('phome', null, true)
 4 APPPATH\Views\home.php(61): CodeIgniter\View\View->include('phome')
 5 SYSTEMPATH\View\View.php(213): include('D:\\xampp\\htdocs\\ruma\\codeigniter\\my-app-api\\app\\Views\\home.php')
 6 SYSTEMPATH\View\View.php(216): CodeIgniter\View\View->CodeIgniter\View\{closure}()
 7 SYSTEMPATH\Common.php(1184): CodeIgniter\View\View->render('home', [], true)
 8 APPPATH\Controllers\HomeController.php(18): view('home', [...])
 9 SYSTEMPATH\CodeIgniter.php(934): App\Controllers\HomeController->index()
10 SYSTEMPATH\CodeIgniter.php(499): CodeIgniter\CodeIgniter->runController(Object(App\Controllers\HomeController))
11 SYSTEMPATH\CodeIgniter.php(368): CodeIgniter\CodeIgniter->handleRequest(null, Object(Config\Cache), false)
12 FCPATH\index.php(67): CodeIgniter\CodeIgniter->run()
CRITICAL - 2023-07-03 00:36:40 --> Cannot use object of type stdClass as array
in APPPATH\Views\phome.php on line 12.
 1 SYSTEMPATH\View\View.php(213): include()
 2 SYSTEMPATH\View\View.php(216): CodeIgniter\View\View->CodeIgniter\View\{closure}()
 3 SYSTEMPATH\View\View.php(431): CodeIgniter\View\View->render('phome', null, true)
 4 APPPATH\Views\home.php(61): CodeIgniter\View\View->include('phome')
 5 SYSTEMPATH\View\View.php(213): include('D:\\xampp\\htdocs\\ruma\\codeigniter\\my-app-api\\app\\Views\\home.php')
 6 SYSTEMPATH\View\View.php(216): CodeIgniter\View\View->CodeIgniter\View\{closure}()
 7 SYSTEMPATH\Common.php(1184): CodeIgniter\View\View->render('home', [], true)
 8 APPPATH\Controllers\HomeController.php(18): view('home', [...])
 9 SYSTEMPATH\CodeIgniter.php(934): App\Controllers\HomeController->index()
10 SYSTEMPATH\CodeIgniter.php(499): CodeIgniter\CodeIgniter->runController(Object(App\Controllers\HomeController))
11 SYSTEMPATH\CodeIgniter.php(368): CodeIgniter\CodeIgniter->handleRequest(null, Object(Config\Cache), false)
12 FCPATH\index.php(67): CodeIgniter\CodeIgniter->run()
CRITICAL - 2023-07-03 00:37:43 --> Attempt to read property "title" on array
in APPPATH\Views\phome.php on line 13.
 1 APPPATH\Views\phome.php(13): CodeIgniter\Debug\Exceptions->errorHandler(2, 'Attempt to read property "title" on array', 'D:\\xampp\\htdocs\\ruma\\codeigniter\\my-app-api\\app\\Views\\phome.php', 13)
 2 SYSTEMPATH\View\View.php(213): include('D:\\xampp\\htdocs\\ruma\\codeigniter\\my-app-api\\app\\Views\\phome.php')
 3 SYSTEMPATH\View\View.php(216): CodeIgniter\View\View->CodeIgniter\View\{closure}()
 4 SYSTEMPATH\View\View.php(431): CodeIgniter\View\View->render('phome', null, true)
 5 APPPATH\Views\home.php(61): CodeIgniter\View\View->include('phome')
 6 SYSTEMPATH\View\View.php(213): include('D:\\xampp\\htdocs\\ruma\\codeigniter\\my-app-api\\app\\Views\\home.php')
 7 SYSTEMPATH\View\View.php(216): CodeIgniter\View\View->CodeIgniter\View\{closure}()
 8 SYSTEMPATH\Common.php(1184): CodeIgniter\View\View->render('home', [], true)
 9 APPPATH\Controllers\HomeController.php(18): view('home', [...])
10 SYSTEMPATH\CodeIgniter.php(934): App\Controllers\HomeController->index()
11 SYSTEMPATH\CodeIgniter.php(499): CodeIgniter\CodeIgniter->runController(Object(App\Controllers\HomeController))
12 SYSTEMPATH\CodeIgniter.php(368): CodeIgniter\CodeIgniter->handleRequest(null, Object(Config\Cache), false)
13 FCPATH\index.php(67): CodeIgniter\CodeIgniter->run()
INFO - 2023-07-03 05:08:52 --> Session: Class initialized using 'CodeIgniter\Session\Handlers\FileHandler' driver.
INFO - 2023-07-03 05:08:57 --> Session: Class initialized using 'CodeIgniter\Session\Handlers\FileHandler' driver.
INFO - 2023-07-03 05:08:57 --> Session: Class initialized using 'CodeIgniter\Session\Handlers\FileHandler' driver.
INFO - 2023-07-03 05:09:05 --> Session: Class initialized using 'CodeIgniter\Session\Handlers\FileHandler' driver.
INFO - 2023-07-03 05:11:44 --> Session: Class initialized using 'CodeIgniter\Session\Handlers\FileHandler' driver.
INFO - 2023-07-03 05:11:50 --> Session: Class initialized using 'CodeIgniter\Session\Handlers\FileHandler' driver.
INFO - 2023-07-03 05:11:52 --> Session: Class initialized using 'CodeIgniter\Session\Handlers\FileHandler' driver.
INFO - 2023-07-03 05:13:59 --> Session: Class initialized using 'CodeIgniter\Session\Handlers\FileHandler' driver.
INFO - 2023-07-03 05:28:04 --> Session: Class initialized using 'CodeIgniter\Session\Handlers\FileHandler' driver.
INFO - 2023-07-03 05:28:06 --> Session: Class initialized using 'CodeIgniter\Session\Handlers\FileHandler' driver.
INFO - 2023-07-03 07:57:48 --> Session: Class initialized using 'CodeIgniter\Session\Handlers\FileHandler' driver.
INFO - 2023-07-03 07:57:49 --> Session: Class initialized using 'CodeIgniter\Session\Handlers\FileHandler' driver.
INFO - 2023-07-03 07:58:13 --> Session: Class initialized using 'CodeIgniter\Session\Handlers\FileHandler' driver.
INFO - 2023-07-03 07:58:19 --> Session: Class initialized using 'CodeIgniter\Session\Handlers\FileHandler' driver.
INFO - 2023-07-03 07:58:19 --> Session: Class initialized using 'CodeIgniter\Session\Handlers\FileHandler' driver.
INFO - 2023-07-03 07:59:09 --> Session: Class initialized using 'CodeIgniter\Session\Handlers\FileHandler' driver.
INFO - 2023-07-03 08:00:16 --> Session: Class initialized using 'CodeIgniter\Session\Handlers\FileHandler' driver.
INFO - 2023-07-03 08:26:01 --> Session: Class initialized using 'CodeIgniter\Session\Handlers\FileHandler' driver.
INFO - 2023-07-03 08:26:07 --> Session: Class initialized using 'CodeIgniter\Session\Handlers\FileHandler' driver.
INFO - 2023-07-03 08:26:07 --> Session: Class initialized using 'CodeIgniter\Session\Handlers\FileHandler' driver.
INFO - 2023-07-03 08:26:11 --> Session: Class initialized using 'CodeIgniter\Session\Handlers\FileHandler' driver.
INFO - 2023-07-03 08:27:37 --> Session: Class initialized using 'CodeIgniter\Session\Handlers\FileHandler' driver.
INFO - 2023-07-03 08:28:20 --> Session: Class initialized using 'CodeIgniter\Session\Handlers\FileHandler' driver.
INFO - 2023-07-03 08:28:23 --> Session: Class initialized using 'CodeIgniter\Session\Handlers\FileHandler' driver.
INFO - 2023-07-03 08:29:13 --> Session: Class initialized using 'CodeIgniter\Session\Handlers\FileHandler' driver.
INFO - 2023-07-03 08:29:34 --> Session: Class initialized using 'CodeIgniter\Session\Handlers\FileHandler' driver.
INFO - 2023-07-03 08:30:01 --> Session: Class initialized using 'CodeIgniter\Session\Handlers\FileHandler' driver.
INFO - 2023-07-03 08:34:33 --> Session: Class initialized using 'CodeIgniter\Session\Handlers\FileHandler' driver.
INFO - 2023-07-03 08:35:53 --> Session: Class initialized using 'CodeIgniter\Session\Handlers\FileHandler' driver.
INFO - 2023-07-03 23:56:53 --> Session: Class initialized using 'CodeIgniter\Session\Handlers\FileHandler' driver.
INFO - 2023-07-03 23:56:53 --> Session: Class initialized using 'CodeIgniter\Session\Handlers\FileHandler' driver.
INFO - 2023-07-03 23:56:57 --> Session: Class initialized using 'CodeIgniter\Session\Handlers\FileHandler' driver.
INFO - 2023-07-03 23:57:03 --> Session: Class initialized using 'CodeIgniter\Session\Handlers\FileHandler' driver.
INFO - 2023-07-03 23:57:04 --> Session: Class initialized using 'CodeIgniter\Session\Handlers\FileHandler' driver.
INFO - 2023-07-03 23:57:10 --> Session: Class initialized using 'CodeIgniter\Session\Handlers\FileHandler' driver.
INFO - 2023-07-03 23:57:54 --> Session: Class initialized using 'CodeIgniter\Session\Handlers\FileHandler' driver.
INFO - 2023-07-03 23:58:33 --> Session: Class initialized using 'CodeIgniter\Session\Handlers\FileHandler' driver.
INFO - 2023-07-03 23:58:57 --> Session: Class initialized using 'CodeIgniter\Session\Handlers\FileHandler' driver.
