CRITICAL - 2023-06-05 11:44:57 --> Invalid file: "all.php"
in SYSTEMPATH\Exceptions\FrameworkException.php on line 33.
 1 SYSTEMPATH\View\View.php(201): CodeIgniter\Exceptions\FrameworkException::forInvalidFile('all.php')
 2 SYSTEMPATH\Common.php(1184): CodeIgniter\View\View->render('all', [], true)
 3 APPPATH\Controllers\Product.php(9): view('all')
 4 SYSTEMPATH\CodeIgniter.php(934): App\Controllers\Product->index()
 5 SYSTEMPATH\CodeIgniter.php(499): CodeIgniter\CodeIgniter->runController(Object(App\Controllers\Product))
 6 SYSTEMPATH\CodeIgniter.php(368): CodeIgniter\CodeIgniter->handleRequest(null, Object(Config\Cache), false)
 7 FCPATH\index.php(67): CodeIgniter\CodeIgniter->run()
 8 SYSTEMPATH\Commands\Server\rewrite.php(47): require_once('C:\\xampp\\htdocs\\ruma\\codeigniter\\sir\\my-app\\public\\index.php')
CRITICAL - 2023-06-05 11:45:30 --> Invalid file: "all.php"
in SYSTEMPATH\Exceptions\FrameworkException.php on line 33.
 1 SYSTEMPATH\View\View.php(201): CodeIgniter\Exceptions\FrameworkException::forInvalidFile('all.php')
 2 SYSTEMPATH\Common.php(1184): CodeIgniter\View\View->render('all', [], true)
 3 APPPATH\Controllers\Product.php(9): view('all')
 4 SYSTEMPATH\CodeIgniter.php(934): App\Controllers\Product->index()
 5 SYSTEMPATH\CodeIgniter.php(499): CodeIgniter\CodeIgniter->runController(Object(App\Controllers\Product))
 6 SYSTEMPATH\CodeIgniter.php(368): CodeIgniter\CodeIgniter->handleRequest(null, Object(Config\Cache), false)
 7 FCPATH\index.php(67): CodeIgniter\CodeIgniter->run()
 8 SYSTEMPATH\Commands\Server\rewrite.php(47): require_once('C:\\xampp\\htdocs\\ruma\\codeigniter\\sir\\my-app\\public\\index.php')
CRITICAL - 2023-06-05 11:46:10 --> Invalid file: "all.php"
in SYSTEMPATH\Exceptions\FrameworkException.php on line 33.
 1 SYSTEMPATH\View\View.php(201): CodeIgniter\Exceptions\FrameworkException::forInvalidFile('all.php')
 2 SYSTEMPATH\Common.php(1184): CodeIgniter\View\View->render('all', [], true)
 3 APPPATH\Controllers\Product.php(9): view('all')
 4 SYSTEMPATH\CodeIgniter.php(934): App\Controllers\Product->index()
 5 SYSTEMPATH\CodeIgniter.php(499): CodeIgniter\CodeIgniter->runController(Object(App\Controllers\Product))
 6 SYSTEMPATH\CodeIgniter.php(368): CodeIgniter\CodeIgniter->handleRequest(null, Object(Config\Cache), false)
 7 FCPATH\index.php(67): CodeIgniter\CodeIgniter->run()
 8 SYSTEMPATH\Commands\Server\rewrite.php(47): require_once('C:\\xampp\\htdocs\\ruma\\codeigniter\\sir\\my-app\\public\\index.php')
CRITICAL - 2023-06-05 12:25:34 --> Undefined variable $row
in APPPATH\Views\product\single.php on line 11.
 1 APPPATH\Views\product\single.php(11): CodeIgniter\Debug\Exceptions->errorHandler(2, 'Undefined variable $row', 'C:\\xampp\\htdocs\\ruma\\codeigniter\\sir\\my-app\\app\\Views\\product\\single.php', 11)
 2 SYSTEMPATH\View\View.php(213): include('C:\\xampp\\htdocs\\ruma\\codeigniter\\sir\\my-app\\app\\Views\\product\\single.php')
 3 SYSTEMPATH\View\View.php(216): CodeIgniter\View\View->CodeIgniter\View\{closure}()
 4 SYSTEMPATH\Common.php(1184): CodeIgniter\View\View->render('product/single', [], true)
 5 APPPATH\Controllers\Product.php(26): view('product/single', [...])
 6 SYSTEMPATH\CodeIgniter.php(934): App\Controllers\Product->single('9')
 7 SYSTEMPATH\CodeIgniter.php(499): CodeIgniter\CodeIgniter->runController(Object(App\Controllers\Product))
 8 SYSTEMPATH\CodeIgniter.php(368): CodeIgniter\CodeIgniter->handleRequest(null, Object(Config\Cache), false)
 9 FCPATH\index.php(67): CodeIgniter\CodeIgniter->run()
10 SYSTEMPATH\Commands\Server\rewrite.php(47): require_once('C:\\xampp\\htdocs\\ruma\\codeigniter\\sir\\my-app\\public\\index.php')
CRITICAL - 2023-06-05 12:29:49 --> Trying to access array offset on value of type null
in APPPATH\Views\product\single.php on line 11.
 1 APPPATH\Views\product\single.php(11): CodeIgniter\Debug\Exceptions->errorHandler(2, 'Trying to access array offset on value of type null', 'C:\\xampp\\htdocs\\ruma\\codeigniter\\sir\\my-app\\app\\Views\\product\\single.php', 11)
 2 SYSTEMPATH\View\View.php(213): include('C:\\xampp\\htdocs\\ruma\\codeigniter\\sir\\my-app\\app\\Views\\product\\single.php')
 3 SYSTEMPATH\View\View.php(216): CodeIgniter\View\View->CodeIgniter\View\{closure}()
 4 SYSTEMPATH\Common.php(1184): CodeIgniter\View\View->render('product/single', [], true)
 5 APPPATH\Controllers\Product.php(26): view('product/single', [...])
 6 SYSTEMPATH\CodeIgniter.php(934): App\Controllers\Product->single('create')
 7 SYSTEMPATH\CodeIgniter.php(499): CodeIgniter\CodeIgniter->runController(Object(App\Controllers\Product))
 8 SYSTEMPATH\CodeIgniter.php(368): CodeIgniter\CodeIgniter->handleRequest(null, Object(Config\Cache), false)
 9 FCPATH\index.php(67): CodeIgniter\CodeIgniter->run()
10 SYSTEMPATH\Commands\Server\rewrite.php(47): require_once('C:\\xampp\\htdocs\\ruma\\codeigniter\\sir\\my-app\\public\\index.php')
CRITICAL - 2023-06-05 12:30:34 --> Trying to access array offset on value of type null
in APPPATH\Views\product\single.php on line 11.
 1 APPPATH\Views\product\single.php(11): CodeIgniter\Debug\Exceptions->errorHandler(2, 'Trying to access array offset on value of type null', 'C:\\xampp\\htdocs\\ruma\\codeigniter\\sir\\my-app\\app\\Views\\product\\single.php', 11)
 2 SYSTEMPATH\View\View.php(213): include('C:\\xampp\\htdocs\\ruma\\codeigniter\\sir\\my-app\\app\\Views\\product\\single.php')
 3 SYSTEMPATH\View\View.php(216): CodeIgniter\View\View->CodeIgniter\View\{closure}()
 4 SYSTEMPATH\Common.php(1184): CodeIgniter\View\View->render('product/single', [], true)
 5 APPPATH\Controllers\Product.php(26): view('product/single', [...])
 6 SYSTEMPATH\CodeIgniter.php(934): App\Controllers\Product->single('create')
 7 SYSTEMPATH\CodeIgniter.php(499): CodeIgniter\CodeIgniter->runController(Object(App\Controllers\Product))
 8 SYSTEMPATH\CodeIgniter.php(368): CodeIgniter\CodeIgniter->handleRequest(null, Object(Config\Cache), false)
 9 FCPATH\index.php(67): CodeIgniter\CodeIgniter->run()
10 SYSTEMPATH\Commands\Server\rewrite.php(47): require_once('C:\\xampp\\htdocs\\ruma\\codeigniter\\sir\\my-app\\public\\index.php')
CRITICAL - 2023-06-05 12:31:11 --> Trying to access array offset on value of type null
in APPPATH\Views\product\single.php on line 11.
 1 APPPATH\Views\product\single.php(11): CodeIgniter\Debug\Exceptions->errorHandler(2, 'Trying to access array offset on value of type null', 'C:\\xampp\\htdocs\\ruma\\codeigniter\\sir\\my-app\\app\\Views\\product\\single.php', 11)
 2 SYSTEMPATH\View\View.php(213): include('C:\\xampp\\htdocs\\ruma\\codeigniter\\sir\\my-app\\app\\Views\\product\\single.php')
 3 SYSTEMPATH\View\View.php(216): CodeIgniter\View\View->CodeIgniter\View\{closure}()
 4 SYSTEMPATH\Common.php(1184): CodeIgniter\View\View->render('product/single', [], true)
 5 APPPATH\Controllers\Product.php(26): view('product/single', [...])
 6 SYSTEMPATH\CodeIgniter.php(934): App\Controllers\Product->single('create')
 7 SYSTEMPATH\CodeIgniter.php(499): CodeIgniter\CodeIgniter->runController(Object(App\Controllers\Product))
 8 SYSTEMPATH\CodeIgniter.php(368): CodeIgniter\CodeIgniter->handleRequest(null, Object(Config\Cache), false)
 9 FCPATH\index.php(67): CodeIgniter\CodeIgniter->run()
10 SYSTEMPATH\Commands\Server\rewrite.php(47): require_once('C:\\xampp\\htdocs\\ruma\\codeigniter\\sir\\my-app\\public\\index.php')
CRITICAL - 2023-06-05 12:31:12 --> Trying to access array offset on value of type null
in APPPATH\Views\product\single.php on line 11.
 1 APPPATH\Views\product\single.php(11): CodeIgniter\Debug\Exceptions->errorHandler(2, 'Trying to access array offset on value of type null', 'C:\\xampp\\htdocs\\ruma\\codeigniter\\sir\\my-app\\app\\Views\\product\\single.php', 11)
 2 SYSTEMPATH\View\View.php(213): include('C:\\xampp\\htdocs\\ruma\\codeigniter\\sir\\my-app\\app\\Views\\product\\single.php')
 3 SYSTEMPATH\View\View.php(216): CodeIgniter\View\View->CodeIgniter\View\{closure}()
 4 SYSTEMPATH\Common.php(1184): CodeIgniter\View\View->render('product/single', [], true)
 5 APPPATH\Controllers\Product.php(26): view('product/single', [...])
 6 SYSTEMPATH\CodeIgniter.php(934): App\Controllers\Product->single('create')
 7 SYSTEMPATH\CodeIgniter.php(499): CodeIgniter\CodeIgniter->runController(Object(App\Controllers\Product))
 8 SYSTEMPATH\CodeIgniter.php(368): CodeIgniter\CodeIgniter->handleRequest(null, Object(Config\Cache), false)
 9 FCPATH\index.php(67): CodeIgniter\CodeIgniter->run()
10 SYSTEMPATH\Commands\Server\rewrite.php(47): require_once('C:\\xampp\\htdocs\\ruma\\codeigniter\\sir\\my-app\\public\\index.php')
CRITICAL - 2023-06-05 12:31:12 --> Trying to access array offset on value of type null
in APPPATH\Views\product\single.php on line 11.
 1 APPPATH\Views\product\single.php(11): CodeIgniter\Debug\Exceptions->errorHandler(2, 'Trying to access array offset on value of type null', 'C:\\xampp\\htdocs\\ruma\\codeigniter\\sir\\my-app\\app\\Views\\product\\single.php', 11)
 2 SYSTEMPATH\View\View.php(213): include('C:\\xampp\\htdocs\\ruma\\codeigniter\\sir\\my-app\\app\\Views\\product\\single.php')
 3 SYSTEMPATH\View\View.php(216): CodeIgniter\View\View->CodeIgniter\View\{closure}()
 4 SYSTEMPATH\Common.php(1184): CodeIgniter\View\View->render('product/single', [], true)
 5 APPPATH\Controllers\Product.php(26): view('product/single', [...])
 6 SYSTEMPATH\CodeIgniter.php(934): App\Controllers\Product->single('create')
 7 SYSTEMPATH\CodeIgniter.php(499): CodeIgniter\CodeIgniter->runController(Object(App\Controllers\Product))
 8 SYSTEMPATH\CodeIgniter.php(368): CodeIgniter\CodeIgniter->handleRequest(null, Object(Config\Cache), false)
 9 FCPATH\index.php(67): CodeIgniter\CodeIgniter->run()
10 SYSTEMPATH\Commands\Server\rewrite.php(47): require_once('C:\\xampp\\htdocs\\ruma\\codeigniter\\sir\\my-app\\public\\index.php')
CRITICAL - 2023-06-05 12:36:17 --> View themes, no current section.
in SYSTEMPATH\View\View.php on line 394.
 1 APPPATH\Views\product\create.php(23): CodeIgniter\View\View->endSection('content')
 2 SYSTEMPATH\View\View.php(213): include('C:\\xampp\\htdocs\\ruma\\codeigniter\\sir\\my-app\\app\\Views\\product\\create.php')
 3 SYSTEMPATH\View\View.php(216): CodeIgniter\View\View->CodeIgniter\View\{closure}()
 4 SYSTEMPATH\Common.php(1184): CodeIgniter\View\View->render('product/create', [], true)
 5 APPPATH\Controllers\Product.php(32): view('product/create')
 6 SYSTEMPATH\CodeIgniter.php(934): App\Controllers\Product->insert()
 7 SYSTEMPATH\CodeIgniter.php(499): CodeIgniter\CodeIgniter->runController(Object(App\Controllers\Product))
 8 SYSTEMPATH\CodeIgniter.php(368): CodeIgniter\CodeIgniter->handleRequest(null, Object(Config\Cache), false)
 9 FCPATH\index.php(67): CodeIgniter\CodeIgniter->run()
10 SYSTEMPATH\Commands\Server\rewrite.php(47): require_once('C:\\xampp\\htdocs\\ruma\\codeigniter\\sir\\my-app\\public\\index.php')
